  Vector2.cpp
cl : 명령줄 warning D9035: 'Gm' 옵션은 더 이상 사용되지 않으므로 이후 릴리스에서 제거될 예정입니다.
  SoundManager.cpp
C:\Download\DirectXGameProject\SegaChapter2\GameLib\src\NonFree\BakudanBitoFinal\Vector2.h(1,1): warning C4819: 현재 코드 페이지(949)에서 표시할 수 없는 문자가 파일에 들어 있습니다. 데이터가 손실되지 않게 하려면 해당 파일을 유니코드 형식으로 저장하십시오.
C:\Download\DirectXGameProject\SegaChapter2\GameLib\src\NonFree\BakudanBitoFinal\SoundManager.cpp(1,1): warning C4819: 현재 코드 페이지(949)에서 표시할 수 없는 문자가 파일에 들어 있습니다. 데이터가 손실되지 않게 하려면 해당 파일을 유니코드 형식으로 저장하십시오.
C:\Download\DirectXGameProject\SegaChapter2\GameLib\src\NonFree\BakudanBitoFinal\SoundManager.h(1,1): warning C4819: 현재 코드 페이지(949)에서 표시할 수 없는 문자가 파일에 들어 있습니다. 데이터가 손실되지 않게 하려면 해당 파일을 유니코드 형식으로 저장하십시오.
  Pad.cpp
C:\Download\DirectXGameProject\SegaChapter2\GameLib\src\NonFree\BakudanBitoFinal\SoundManager.h(4,10): fatal error C1083: 포함 파일을 열 수 없습니다. 'GameLib/Sound/Wave.h': No such file or directory
  Matrix23.cpp
C:\Download\DirectXGameProject\SegaChapter2\GameLib\src\NonFree\BakudanBitoFinal\Pad.cpp(1,10): fatal error C1083: 포함 파일을 열 수 없습니다. 'GameLib/GameLib.h': No such file or directory
C:\Download\DirectXGameProject\SegaChapter2\GameLib\src\NonFree\BakudanBitoFinal\Matrix23.cpp(1,1): warning C4819: 현재 코드 페이지(949)에서 표시할 수 없는 문자가 파일에 들어 있습니다. 데이터가 손실되지 않게 하려면 해당 파일을 유니코드 형식으로 저장하십시오.
C:\Download\DirectXGameProject\SegaChapter2\GameLib\src\NonFree\BakudanBitoFinal\Matrix23.h(1,1): warning C4819: 현재 코드 페이지(949)에서 표시할 수 없는 문자가 파일에 들어 있습니다. 데이터가 손실되지 않게 하려면 해당 파일을 유니코드 형식으로 저장하십시오.
C:\Download\DirectXGameProject\SegaChapter2\GameLib\src\NonFree\BakudanBitoFinal\Vector2.h(1,1): warning C4819: 현재 코드 페이지(949)에서 표시할 수 없는 문자가 파일에 들어 있습니다. 데이터가 손실되지 않게 하려면 해당 파일을 유니코드 형식으로 저장하십시오.
  main.cpp
C:\Download\DirectXGameProject\SegaChapter2\GameLib\src\NonFree\BakudanBitoFinal\Matrix23.cpp(3,10): fatal error C1083: 포함 파일을 열 수 없습니다. 'GameLib/Math.h': No such file or directory
C:\Download\DirectXGameProject\SegaChapter2\GameLib\src\NonFree\BakudanBitoFinal\main.cpp(1,1): warning C4819: 현재 코드 페이지(949)에서 표시할 수 없는 문자가 파일에 들어 있습니다. 데이터가 손실되지 않게 하려면 해당 파일을 유니코드 형식으로 저장하십시오.
  Image.cpp
C:\Download\DirectXGameProject\SegaChapter2\GameLib\src\NonFree\BakudanBitoFinal\main.cpp(1,10): fatal error C1083: 포함 파일을 열 수 없습니다. 'GameLib/Framework.h': No such file or directory
C:\Download\DirectXGameProject\SegaChapter2\GameLib\src\NonFree\BakudanBitoFinal\Image.cpp(1,1): warning C4819: 현재 코드 페이지(949)에서 표시할 수 없는 문자가 파일에 들어 있습니다. 데이터가 손실되지 않게 하려면 해당 파일을 유니코드 형식으로 저장하십시오.
C:\Download\DirectXGameProject\SegaChapter2\GameLib\src\NonFree\BakudanBitoFinal\Vector2.h(1,1): warning C4819: 현재 코드 페이지(949)에서 표시할 수 없는 문자가 파일에 들어 있습니다. 데이터가 손실되지 않게 하려면 해당 파일을 유니코드 형식으로 저장하십시오.
  File.cpp
C:\Download\DirectXGameProject\SegaChapter2\GameLib\src\NonFree\BakudanBitoFinal\Image.cpp(4,10): fatal error C1083: 포함 파일을 열 수 없습니다. 'GameLib/Framework.h': No such file or directory
C:\Download\DirectXGameProject\SegaChapter2\GameLib\src\NonFree\BakudanBitoFinal\File.cpp(1,1): warning C4819: 현재 코드 페이지(949)에서 표시할 수 없는 문자가 파일에 들어 있습니다. 데이터가 손실되지 않게 하려면 해당 파일을 유니코드 형식으로 저장하십시오.
  Ready.cpp
C:\Download\DirectXGameProject\SegaChapter2\GameLib\src\NonFree\BakudanBitoFinal\File.cpp(1,10): fatal error C1083: 포함 파일을 열 수 없습니다. 'GameLib/GameLib.h': No such file or directory
C:\Download\DirectXGameProject\SegaChapter2\GameLib\src\NonFree\BakudanBitoFinal\Sequence\Game\Ready.cpp(1,1): warning C4819: 현재 코드 페이지(949)에서 표시할 수 없는 문자가 파일에 들어 있습니다. 데이터가 손실되지 않게 하려면 해당 파일을 유니코드 형식으로 저장하십시오.
  Play.cpp
C:\Download\DirectXGameProject\SegaChapter2\GameLib\src\NonFree\BakudanBitoFinal\Sequence\Game\Ready.cpp(1,10): fatal error C1083: 포함 파일을 열 수 없습니다. 'GameLib/GameLib.h': No such file or directory
C:\Download\DirectXGameProject\SegaChapter2\GameLib\src\NonFree\BakudanBitoFinal\Sequence\Game\Play.cpp(1,1): warning C4819: 현재 코드 페이지(949)에서 표시할 수 없는 문자가 파일에 들어 있습니다. 데이터가 손실되지 않게 하려면 해당 파일을 유니코드 형식으로 저장하십시오.
  Pause.cpp
C:\Download\DirectXGameProject\SegaChapter2\GameLib\src\NonFree\BakudanBitoFinal\Sequence\Game\Play.cpp(1,10): fatal error C1083: 포함 파일을 열 수 없습니다. 'GameLib/GameLib.h': No such file or directory
C:\Download\DirectXGameProject\SegaChapter2\GameLib\src\NonFree\BakudanBitoFinal\Sequence\Game\Pause.cpp(1,1): warning C4819: 현재 코드 페이지(949)에서 표시할 수 없는 문자가 파일에 들어 있습니다. 데이터가 손실되지 않게 하려면 해당 파일을 유니코드 형식으로 저장하십시오.
  Judge.cpp
C:\Download\DirectXGameProject\SegaChapter2\GameLib\src\NonFree\BakudanBitoFinal\Sequence\Game\Pause.cpp(1,10): fatal error C1083: 포함 파일을 열 수 없습니다. 'GameLib/GameLib.h': No such file or directory
C:\Download\DirectXGameProject\SegaChapter2\GameLib\src\NonFree\BakudanBitoFinal\Sequence\Game\Judge.cpp(1,1): warning C4819: 현재 코드 페이지(949)에서 표시할 수 없는 문자가 파일에 들어 있습니다. 데이터가 손실되지 않게 하려면 해당 파일을 유니코드 형식으로 저장하십시오.
  Failure.cpp
C:\Download\DirectXGameProject\SegaChapter2\GameLib\src\NonFree\BakudanBitoFinal\Sequence\Game\Judge.cpp(1,10): fatal error C1083: 포함 파일을 열 수 없습니다. 'GameLib/GameLib.h': No such file or directory
C:\Download\DirectXGameProject\SegaChapter2\GameLib\src\NonFree\BakudanBitoFinal\Sequence\Game\Failure.cpp(1,1): warning C4819: 현재 코드 페이지(949)에서 표시할 수 없는 문자가 파일에 들어 있습니다. 데이터가 손실되지 않게 하려면 해당 파일을 유니코드 형식으로 저장하십시오.
  Clear.cpp
C:\Download\DirectXGameProject\SegaChapter2\GameLib\src\NonFree\BakudanBitoFinal\Sequence\Game\Failure.cpp(1,10): fatal error C1083: 포함 파일을 열 수 없습니다. 'GameLib/GameLib.h': No such file or directory
C:\Download\DirectXGameProject\SegaChapter2\GameLib\src\NonFree\BakudanBitoFinal\Sequence\Game\Clear.cpp(1,1): warning C4819: 현재 코드 페이지(949)에서 표시할 수 없는 문자가 파일에 들어 있습니다. 데이터가 손실되지 않게 하려면 해당 파일을 유니코드 형식으로 저장하십시오.
  Title.cpp
C:\Download\DirectXGameProject\SegaChapter2\GameLib\src\NonFree\BakudanBitoFinal\Sequence\Game\Clear.cpp(1,10): fatal error C1083: 포함 파일을 열 수 없습니다. 'GameLib/GameLib.h': No such file or directory
C:\Download\DirectXGameProject\SegaChapter2\GameLib\src\NonFree\BakudanBitoFinal\Sequence\Title.cpp(1,1): warning C4819: 현재 코드 페이지(949)에서 표시할 수 없는 문자가 파일에 들어 있습니다. 데이터가 손실되지 않게 하려면 해당 파일을 유니코드 형식으로 저장하십시오.
  Parent.cpp
C:\Download\DirectXGameProject\SegaChapter2\GameLib\src\NonFree\BakudanBitoFinal\Sequence\Title.cpp(1,10): fatal error C1083: 포함 파일을 열 수 없습니다. 'GameLib/GameLib.h': No such file or directory
C:\Download\DirectXGameProject\SegaChapter2\GameLib\src\NonFree\BakudanBitoFinal\Sequence\Parent.cpp(1,1): warning C4819: 현재 코드 페이지(949)에서 표시할 수 없는 문자가 파일에 들어 있습니다. 데이터가 손실되지 않게 하려면 해당 파일을 유니코드 형식으로 저장하십시오.
  GameOver.cpp
C:\Download\DirectXGameProject\SegaChapter2\GameLib\src\NonFree\BakudanBitoFinal\Sequence\Parent.cpp(1,10): fatal error C1083: 포함 파일을 열 수 없습니다. 'GameLib/GameLib.h': No such file or directory
C:\Download\DirectXGameProject\SegaChapter2\GameLib\src\NonFree\BakudanBitoFinal\Sequence\GameOver.cpp(1,1): warning C4819: 현재 코드 페이지(949)에서 표시할 수 없는 문자가 파일에 들어 있습니다. 데이터가 손실되지 않게 하려면 해당 파일을 유니코드 형식으로 저장하십시오.
  Ending.cpp
C:\Download\DirectXGameProject\SegaChapter2\GameLib\src\NonFree\BakudanBitoFinal\Sequence\GameOver.cpp(1,10): fatal error C1083: 포함 파일을 열 수 없습니다. 'GameLib/GameLib.h': No such file or directory
C:\Download\DirectXGameProject\SegaChapter2\GameLib\src\NonFree\BakudanBitoFinal\Sequence\Ending.cpp(1,1): warning C4819: 현재 코드 페이지(949)에서 표시할 수 없는 문자가 파일에 들어 있습니다. 데이터가 손실되지 않게 하려면 해당 파일을 유니코드 형식으로 저장하십시오.
  StaticObject.cpp
C:\Download\DirectXGameProject\SegaChapter2\GameLib\src\NonFree\BakudanBitoFinal\Sequence\Ending.cpp(1,10): fatal error C1083: 포함 파일을 열 수 없습니다. 'GameLib/GameLib.h': No such file or directory
C:\Download\DirectXGameProject\SegaChapter2\GameLib\src\NonFree\BakudanBitoFinal\Game\StaticObject.cpp(1,1): warning C4819: 현재 코드 페이지(949)에서 표시할 수 없는 문자가 파일에 들어 있습니다. 데이터가 손실되지 않게 하려면 해당 파일을 유니코드 형식으로 저장하십시오.
  State.cpp
C:\Download\DirectXGameProject\SegaChapter2\GameLib\src\NonFree\BakudanBitoFinal\Game\StaticObject.cpp(1,10): fatal error C1083: 포함 파일을 열 수 없습니다. 'GameLib/GameLib.h': No such file or directory
C:\Download\DirectXGameProject\SegaChapter2\GameLib\src\NonFree\BakudanBitoFinal\Game\State.cpp(1,1): warning C4819: 현재 코드 페이지(949)에서 표시할 수 없는 문자가 파일에 들어 있습니다. 데이터가 손실되지 않게 하려면 해당 파일을 유니코드 형식으로 저장하십시오.
  DynamicObject.cpp
C:\Download\DirectXGameProject\SegaChapter2\GameLib\src\NonFree\BakudanBitoFinal\Game\State.cpp(1,10): fatal error C1083: 포함 파일을 열 수 없습니다. 'GameLib/Framework.h': No such file or directory
C:\Download\DirectXGameProject\SegaChapter2\GameLib\src\NonFree\BakudanBitoFinal\Game\DynamicObject.cpp(1,1): warning C4819: 현재 코드 페이지(949)에서 표시할 수 없는 문자가 파일에 들어 있습니다. 데이터가 손실되지 않게 하려면 해당 파일을 유니코드 형식으로 저장하십시오.
  코드를 생성하고 있습니다...
C:\Download\DirectXGameProject\SegaChapter2\GameLib\src\NonFree\BakudanBitoFinal\Game\DynamicObject.cpp(1,10): fatal error C1083: 포함 파일을 열 수 없습니다. 'GameLib/GameLib.h': No such file or directory
